This is pdfTeX, Version 3.141592653-2.6-1.40.23 (TeX Live 2022/dev) (preloaded format=pdflatex 2021.8.23)  20 OCT 2021 01:16
entering extended mode
 restricted \write18 enabled.
 %&-line parsing enabled.
**A2.tex
(./A2.tex
LaTeX2e <2021-06-01> patch level 1
L3 programming layer <2021-07-12> (/Users/sahinya/Library/TinyTeX/texmf-dist/te
x/latex/base/article.cls
Document Class: article 2021/02/12 v1.4n Standard LaTeX document class
(/Users/sahinya/Library/TinyTeX/texmf-dist/tex/latex/base/size10.clo
File: size10.clo 2021/02/12 v1.4n Standard LaTeX file (size option)
)
\c@part=\count182
\c@section=\count183
\c@subsection=\count184
\c@subsubsection=\count185
\c@paragraph=\count186
\c@subparagraph=\count187
\c@figure=\count188
\c@table=\count189
\abovecaptionskip=\skip47
\belowcaptionskip=\skip48
\bibindent=\dimen138
) (/Users/sahinya/Library/TinyTeX/texmf-dist/tex/latex/amsmath/amsmath.sty
Package: amsmath 2021/04/20 v2.17j AMS math features
\@mathmargin=\skip49
For additional information on amsmath, use the `?' option.
(/Users/sahinya/Library/TinyTeX/texmf-dist/tex/latex/amsmath/amstext.sty
Package: amstext 2000/06/29 v2.01 AMS text
(/Users/sahinya/Library/TinyTeX/texmf-dist/tex/latex/amsmath/amsgen.sty
File: amsgen.sty 1999/11/30 v2.0 generic functions
\@emptytoks=\toks16
\ex@=\dimen139
)) (/Users/sahinya/Library/TinyTeX/texmf-dist/tex/latex/amsmath/amsbsy.sty
Package: amsbsy 1999/11/29 v1.2d Bold Symbols
\pmbraise@=\dimen140
) (/Users/sahinya/Library/TinyTeX/texmf-dist/tex/latex/amsmath/amsopn.sty
Package: amsopn 2016/03/08 v2.02 operator names
)
\inf@bad=\count190
LaTeX Info: Redefining \frac on input line 234.
\uproot@=\count191
\leftroot@=\count192
LaTeX Info: Redefining \overline on input line 399.
\classnum@=\count193
\DOTSCASE@=\count194
LaTeX Info: Redefining \ldots on input line 496.
LaTeX Info: Redefining \dots on input line 499.
LaTeX Info: Redefining \cdots on input line 620.
\Mathstrutbox@=\box50
\strutbox@=\box51
\big@size=\dimen141
LaTeX Font Info:    Redeclaring font encoding OML on input line 743.
LaTeX Font Info:    Redeclaring font encoding OMS on input line 744.
\macc@depth=\count195
\c@MaxMatrixCols=\count196
\dotsspace@=\muskip16
\c@parentequation=\count197
\dspbrk@lvl=\count198
\tag@help=\toks17
\row@=\count199
\column@=\count266
\maxfields@=\count267
\andhelp@=\toks18
\eqnshift@=\dimen142
\alignsep@=\dimen143
\tagshift@=\dimen144
\tagwidth@=\dimen145
\totwidth@=\dimen146
\lineht@=\dimen147
\@envbody=\toks19
\multlinegap=\skip50
\multlinetaggap=\skip51
\mathdisplay@stack=\toks20
LaTeX Info: Redefining \[ on input line 2923.
LaTeX Info: Redefining \] on input line 2924.
) (/Users/sahinya/Library/TinyTeX/texmf-dist/tex/latex/amsfonts/amssymb.sty
Package: amssymb 2013/01/14 v3.01 AMS font symbols
(/Users/sahinya/Library/TinyTeX/texmf-dist/tex/latex/amsfonts/amsfonts.sty
Package: amsfonts 2013/01/14 v3.01 Basic AMSFonts support
\symAMSa=\mathgroup4
\symAMSb=\mathgroup5
LaTeX Font Info:    Redeclaring math symbol \hbar on input line 98.
LaTeX Font Info:    Overwriting math alphabet `\mathfrak' in version `bold'
(Font)                  U/euf/m/n --> U/euf/b/n on input line 106.
)) (/Users/sahinya/Library/TinyTeX/texmf-dist/tex/latex/lm/lmodern.sty
Package: lmodern 2015/05/01 v1.6.1 Latin Modern Fonts
LaTeX Font Info:    Overwriting symbol font `operators' in version `normal'
(Font)                  OT1/cmr/m/n --> OT1/lmr/m/n on input line 22.
LaTeX Font Info:    Overwriting symbol font `letters' in version `normal'
(Font)                  OML/cmm/m/it --> OML/lmm/m/it on input line 23.
LaTeX Font Info:    Overwriting symbol font `symbols' in version `normal'
(Font)                  OMS/cmsy/m/n --> OMS/lmsy/m/n on input line 24.
LaTeX Font Info:    Overwriting symbol font `largesymbols' in version `normal'
(Font)                  OMX/cmex/m/n --> OMX/lmex/m/n on input line 25.
LaTeX Font Info:    Overwriting symbol font `operators' in version `bold'
(Font)                  OT1/cmr/bx/n --> OT1/lmr/bx/n on input line 26.
LaTeX Font Info:    Overwriting symbol font `letters' in version `bold'
(Font)                  OML/cmm/b/it --> OML/lmm/b/it on input line 27.
LaTeX Font Info:    Overwriting symbol font `symbols' in version `bold'
(Font)                  OMS/cmsy/b/n --> OMS/lmsy/b/n on input line 28.
LaTeX Font Info:    Overwriting symbol font `largesymbols' in version `bold'
(Font)                  OMX/cmex/m/n --> OMX/lmex/m/n on input line 29.
LaTeX Font Info:    Overwriting math alphabet `\mathbf' in version `normal'
(Font)                  OT1/cmr/bx/n --> OT1/lmr/bx/n on input line 31.
LaTeX Font Info:    Overwriting math alphabet `\mathsf' in version `normal'
(Font)                  OT1/cmss/m/n --> OT1/lmss/m/n on input line 32.
LaTeX Font Info:    Overwriting math alphabet `\mathit' in version `normal'
(Font)                  OT1/cmr/m/it --> OT1/lmr/m/it on input line 33.
LaTeX Font Info:    Overwriting math alphabet `\mathtt' in version `normal'
(Font)                  OT1/cmtt/m/n --> OT1/lmtt/m/n on input line 34.
LaTeX Font Info:    Overwriting math alphabet `\mathbf' in version `bold'
(Font)                  OT1/cmr/bx/n --> OT1/lmr/bx/n on input line 35.
LaTeX Font Info:    Overwriting math alphabet `\mathsf' in version `bold'
(Font)                  OT1/cmss/bx/n --> OT1/lmss/bx/n on input line 36.
LaTeX Font Info:    Overwriting math alphabet `\mathit' in version `bold'
(Font)                  OT1/cmr/bx/it --> OT1/lmr/bx/it on input line 37.
LaTeX Font Info:    Overwriting math alphabet `\mathtt' in version `bold'
(Font)                  OT1/cmtt/m/n --> OT1/lmtt/m/n on input line 38.
) (/Users/sahinya/Library/TinyTeX/texmf-dist/tex/generic/iftex/ifxetex.sty
Package: ifxetex 2019/10/25 v0.7 ifxetex legacy package. Use iftex instead.
(/Users/sahinya/Library/TinyTeX/texmf-dist/tex/generic/iftex/iftex.sty
Package: iftex 2020/03/06 v1.0d TeX engine tests
)) (/Users/sahinya/Library/TinyTeX/texmf-dist/tex/generic/iftex/ifluatex.sty
Package: ifluatex 2019/10/25 v1.5 ifluatex legacy package. Use iftex instead.
) (/Users/sahinya/Library/TinyTeX/texmf-dist/tex/latex/base/fontenc.sty
Package: fontenc 2021/04/29 v2.0v Standard LaTeX package
LaTeX Font Info:    Trying to load font information for T1+lmr on input line 11
2.
(/Users/sahinya/Library/TinyTeX/texmf-dist/tex/latex/lm/t1lmr.fd
File: t1lmr.fd 2015/05/01 v1.6.1 Font defs for Latin Modern
)) (/Users/sahinya/Library/TinyTeX/texmf-dist/tex/latex/base/inputenc.sty
Package: inputenc 2021/02/14 v1.3d Input encoding file
\inpenc@prehook=\toks21
\inpenc@posthook=\toks22
) (/Users/sahinya/Library/TinyTeX/texmf-dist/tex/latex/base/textcomp.sty
Package: textcomp 2020/02/02 v2.0n Standard LaTeX package
) (/Users/sahinya/Library/TinyTeX/texmf-dist/tex/latex/microtype/microtype.sty
Package: microtype 2021/03/14 v2.8c Micro-typographical refinements (RS)
(/Users/sahinya/Library/TinyTeX/texmf-dist/tex/latex/graphics/keyval.sty
Package: keyval 2014/10/28 v1.15 key=value parser (DPC)
\KV@toks@=\toks23
)
\MT@toks=\toks24
\MT@count=\count268
LaTeX Info: Redefining \textls on input line 790.
\MT@outer@kern=\dimen148
LaTeX Info: Redefining \textmicrotypecontext on input line 1374.
\MT@listname@count=\count269

(/Users/sahinya/Library/TinyTeX/texmf-dist/tex/latex/microtype/microtype-pdftex
.def
File: microtype-pdftex.def 2021/03/14 v2.8c Definitions specific to pdftex (RS)

LaTeX Info: Redefining \lsstyle on input line 915.
LaTeX Info: Redefining \lslig on input line 915.
\MT@outer@space=\skip52
)
Package microtype Info: Loading configuration file microtype.cfg.
(/Users/sahinya/Library/TinyTeX/texmf-dist/tex/latex/microtype/microtype.cfg
File: microtype.cfg 2021/03/14 v2.8c microtype main configuration file (RS)
)) (/Users/sahinya/Library/TinyTeX/texmf-dist/tex/latex/xcolor/xcolor.sty
Package: xcolor 2016/05/11 v2.12 LaTeX color extensions (UK)
(/Users/sahinya/Library/TinyTeX/texmf-dist/tex/latex/graphics-cfg/color.cfg
File: color.cfg 2016/01/02 v1.6 sample color configuration
)
Package xcolor Info: Driver file: pdftex.def on input line 225.
(/Users/sahinya/Library/TinyTeX/texmf-dist/tex/latex/graphics-def/pdftex.def
File: pdftex.def 2020/10/05 v1.2a Graphics/color driver for pdftex
)
Package xcolor Info: Model `cmy' substituted by `cmy0' on input line 1348.
Package xcolor Info: Model `hsb' substituted by `rgb' on input line 1352.
Package xcolor Info: Model `RGB' extended on input line 1364.
Package xcolor Info: Model `HTML' substituted by `rgb' on input line 1366.
Package xcolor Info: Model `Hsb' substituted by `hsb' on input line 1367.
Package xcolor Info: Model `tHsb' substituted by `hsb' on input line 1368.
Package xcolor Info: Model `HSB' substituted by `hsb' on input line 1369.
Package xcolor Info: Model `Gray' substituted by `gray' on input line 1370.
Package xcolor Info: Model `wave' substituted by `hsb' on input line 1371.
) (/Users/sahinya/Library/TinyTeX/texmf-dist/tex/latex/hyperref/hyperref.sty
Package: hyperref 2021-06-07 v7.00m Hypertext links for LaTeX
(/Users/sahinya/Library/TinyTeX/texmf-dist/tex/generic/ltxcmds/ltxcmds.sty
Package: ltxcmds 2020-05-10 v1.25 LaTeX kernel commands for general use (HO)
)
(/Users/sahinya/Library/TinyTeX/texmf-dist/tex/generic/pdftexcmds/pdftexcmds.st
y
Package: pdftexcmds 2020-06-27 v0.33 Utility functions of pdfTeX for LuaTeX (HO
)
(/Users/sahinya/Library/TinyTeX/texmf-dist/tex/generic/infwarerr/infwarerr.sty
Package: infwarerr 2019/12/03 v1.5 Providing info/warning/error messages (HO)
)
Package pdftexcmds Info: \pdf@primitive is available.
Package pdftexcmds Info: \pdf@ifprimitive is available.
Package pdftexcmds Info: \pdfdraftmode found.
) (/Users/sahinya/Library/TinyTeX/texmf-dist/tex/generic/kvsetkeys/kvsetkeys.st
y
Package: kvsetkeys 2019/12/15 v1.18 Key value parser (HO)
)
(/Users/sahinya/Library/TinyTeX/texmf-dist/tex/generic/kvdefinekeys/kvdefinekey
s.sty
Package: kvdefinekeys 2019-12-19 v1.6 Define keys (HO)
) (/Users/sahinya/Library/TinyTeX/texmf-dist/tex/generic/pdfescape/pdfescape.st
y
Package: pdfescape 2019/12/09 v1.15 Implements pdfTeX's escape features (HO)
) (/Users/sahinya/Library/TinyTeX/texmf-dist/tex/latex/hycolor/hycolor.sty
Package: hycolor 2020-01-27 v1.10 Color options for hyperref/bookmark (HO)
)
(/Users/sahinya/Library/TinyTeX/texmf-dist/tex/latex/letltxmacro/letltxmacro.st
y
Package: letltxmacro 2019/12/03 v1.6 Let assignment for LaTeX macros (HO)
) (/Users/sahinya/Library/TinyTeX/texmf-dist/tex/latex/auxhook/auxhook.sty
Package: auxhook 2019-12-17 v1.6 Hooks for auxiliary files (HO)
) (/Users/sahinya/Library/TinyTeX/texmf-dist/tex/latex/kvoptions/kvoptions.sty
Package: kvoptions 2020-10-07 v3.14 Key value format for package options (HO)
)
\@linkdim=\dimen149
\Hy@linkcounter=\count270
\Hy@pagecounter=\count271
(/Users/sahinya/Library/TinyTeX/texmf-dist/tex/latex/hyperref/pd1enc.def
File: pd1enc.def 2021-06-07 v7.00m Hyperref: PDFDocEncoding definition (HO)
Now handling font encoding PD1 ...
... no UTF-8 mapping file for font encoding PD1
)
(/Users/sahinya/Library/TinyTeX/texmf-dist/tex/latex/hyperref/hyperref-langpatc
hes.def
File: hyperref-langpatches.def 2021-06-07 v7.00m Hyperref: patches for babel la
nguages
) (/Users/sahinya/Library/TinyTeX/texmf-dist/tex/generic/intcalc/intcalc.sty
Package: intcalc 2019/12/15 v1.3 Expandable calculations with integers (HO)
) (/Users/sahinya/Library/TinyTeX/texmf-dist/tex/generic/etexcmds/etexcmds.sty
Package: etexcmds 2019/12/15 v1.7 Avoid name clashes with e-TeX commands (HO)
)
\Hy@SavedSpaceFactor=\count272
(/Users/sahinya/Library/TinyTeX/texmf-dist/tex/latex/hyperref/puenc.def
File: puenc.def 2021-06-07 v7.00m Hyperref: PDF Unicode definition (HO)
Now handling font encoding PU ...
... no UTF-8 mapping file for font encoding PU
)
Package hyperref Info: Option `unicode' set `true' on input line 4073.
Package hyperref Info: Hyper figures OFF on input line 4192.
Package hyperref Info: Link nesting OFF on input line 4197.
Package hyperref Info: Hyper index ON on input line 4200.
Package hyperref Info: Plain pages OFF on input line 4207.
Package hyperref Info: Backreferencing OFF on input line 4212.
Package hyperref Info: Implicit mode ON; LaTeX internals redefined.
Package hyperref Info: Bookmarks ON on input line 4445.
\c@Hy@tempcnt=\count273
(/Users/sahinya/Library/TinyTeX/texmf-dist/tex/latex/url/url.sty
\Urlmuskip=\muskip17
Package: url 2013/09/16  ver 3.4  Verb mode for urls, etc.
)
LaTeX Info: Redefining \url on input line 4804.
\XeTeXLinkMargin=\dimen150
(/Users/sahinya/Library/TinyTeX/texmf-dist/tex/generic/bitset/bitset.sty
Package: bitset 2019/12/09 v1.3 Handle bit-vector datatype (HO)

(/Users/sahinya/Library/TinyTeX/texmf-dist/tex/generic/bigintcalc/bigintcalc.st
y
Package: bigintcalc 2019/12/15 v1.5 Expandable calculations on big integers (HO
)
))
\Fld@menulength=\count274
\Field@Width=\dimen151
\Fld@charsize=\dimen152
Package hyperref Info: Hyper figures OFF on input line 6076.
Package hyperref Info: Link nesting OFF on input line 6081.
Package hyperref Info: Hyper index ON on input line 6084.
Package hyperref Info: backreferencing OFF on input line 6091.
Package hyperref Info: Link coloring OFF on input line 6096.
Package hyperref Info: Link coloring with OCG OFF on input line 6101.
Package hyperref Info: PDF/A mode OFF on input line 6106.
LaTeX Info: Redefining \ref on input line 6146.
LaTeX Info: Redefining \pageref on input line 6150.
(/Users/sahinya/Library/TinyTeX/texmf-dist/tex/latex/base/atbegshi-ltx.sty
Package: atbegshi-ltx 2021/01/10 v1.0c Emulation of the original atbegshi
package with kernel methods
)
\Hy@abspage=\count275
\c@Item=\count276
\c@Hfootnote=\count277
)
Package hyperref Info: Driver (autodetected): hpdftex.
(/Users/sahinya/Library/TinyTeX/texmf-dist/tex/latex/hyperref/hpdftex.def
File: hpdftex.def 2021-06-07 v7.00m Hyperref driver for pdfTeX
(/Users/sahinya/Library/TinyTeX/texmf-dist/tex/latex/base/atveryend-ltx.sty
Package: atveryend-ltx 2020/08/19 v1.0a Emulation of the original atvery packag
e
with kernel methods
)
\Fld@listcount=\count278
\c@bookmark@seq@number=\count279

(/Users/sahinya/Library/TinyTeX/texmf-dist/tex/latex/rerunfilecheck/rerunfilech
eck.sty
Package: rerunfilecheck 2019/12/05 v1.9 Rerun checks for auxiliary files (HO)

(/Users/sahinya/Library/TinyTeX/texmf-dist/tex/generic/uniquecounter/uniquecoun
ter.sty
Package: uniquecounter 2019/12/15 v1.4 Provide unlimited unique counter (HO)
)
Package uniquecounter Info: New unique counter `rerunfilecheck' on input line 2
86.
)
\Hy@SectionHShift=\skip53
) (/Users/sahinya/Library/TinyTeX/texmf-dist/tex/latex/geometry/geometry.sty
Package: geometry 2020/01/02 v5.9 Page Geometry
(/Users/sahinya/Library/TinyTeX/texmf-dist/tex/generic/iftex/ifvtex.sty
Package: ifvtex 2019/10/25 v1.7 ifvtex legacy package. Use iftex instead.
)
\Gm@cnth=\count280
\Gm@cntv=\count281
\c@Gm@tempcnt=\count282
\Gm@bindingoffset=\dimen153
\Gm@wd@mp=\dimen154
\Gm@odd@mp=\dimen155
\Gm@even@mp=\dimen156
\Gm@layoutwidth=\dimen157
\Gm@layoutheight=\dimen158
\Gm@layouthoffset=\dimen159
\Gm@layoutvoffset=\dimen160
\Gm@dimlist=\toks25
) (/Users/sahinya/Library/TinyTeX/texmf-dist/tex/latex/fancyvrb/fancyvrb.sty
Package: fancyvrb 2021/08/12 v3.8 verbatim text (tvz,hv)
\FV@CodeLineNo=\count283
\FV@InFile=\read2
\FV@TabBox=\box52
\c@FancyVerbLine=\count284
\FV@StepNumber=\count285
\FV@OutFile=\write3
) (/Users/sahinya/Library/TinyTeX/texmf-dist/tex/latex/framed/framed.sty
Package: framed 2011/10/22 v 0.96: framed or shaded text with page breaks
\OuterFrameSep=\skip54
\fb@frw=\dimen161
\fb@frh=\dimen162
\FrameRule=\dimen163
\FrameSep=\dimen164
) (/Users/sahinya/Library/TinyTeX/texmf-dist/tex/latex/graphics/graphicx.sty
Package: graphicx 2020/12/05 v1.2c Enhanced LaTeX Graphics (DPC,SPQR)
(/Users/sahinya/Library/TinyTeX/texmf-dist/tex/latex/graphics/graphics.sty
Package: graphics 2021/03/04 v1.4d Standard LaTeX Graphics (DPC,SPQR)
(/Users/sahinya/Library/TinyTeX/texmf-dist/tex/latex/graphics/trig.sty
Package: trig 2016/01/03 v1.10 sin cos tan (DPC)
) (/Users/sahinya/Library/TinyTeX/texmf-dist/tex/latex/graphics-cfg/graphics.cf
g
File: graphics.cfg 2016/06/04 v1.11 sample graphics configuration
)
Package graphics Info: Driver file: pdftex.def on input line 107.
)
\Gin@req@height=\dimen165
\Gin@req@width=\dimen166
) (/Users/sahinya/Library/TinyTeX/texmf-dist/tex/latex/booktabs/booktabs.sty
Package: booktabs 2020/01/12 v1.61803398 Publication quality tables
\heavyrulewidth=\dimen167
\lightrulewidth=\dimen168
\cmidrulewidth=\dimen169
\belowrulesep=\dimen170
\belowbottomsep=\dimen171
\aboverulesep=\dimen172
\abovetopsep=\dimen173
\cmidrulesep=\dimen174
\cmidrulekern=\dimen175
\defaultaddspace=\dimen176
\@cmidla=\count286
\@cmidlb=\count287
\@aboverulesep=\dimen177
\@belowrulesep=\dimen178
\@thisruleclass=\count288
\@lastruleclass=\count289
\@thisrulewidth=\dimen179
) (/Users/sahinya/Library/TinyTeX/texmf-dist/tex/latex/tools/longtable.sty
Package: longtable 2021-05-07 v4.16 Multi-page Table package (DPC)
\LTleft=\skip55
\LTright=\skip56
\LTpre=\skip57
\LTpost=\skip58
\LTchunksize=\count290
\LTcapwidth=\dimen180
\LT@head=\box53
\LT@firsthead=\box54
\LT@foot=\box55
\LT@lastfoot=\box56
\LT@gbox=\box57
\LT@cols=\count291
\LT@rows=\count292
\c@LT@tables=\count293
\c@LT@chunks=\count294
\LT@p@ftn=\toks26
) (/Users/sahinya/Library/TinyTeX/texmf-dist/tex/latex/tools/array.sty
Package: array 2021/04/20 v2.5e Tabular extension package (FMi)
\col@sep=\dimen181
\ar@mcellbox=\box58
\extrarowheight=\dimen182
\NC@list=\toks27
\extratabsurround=\skip59
\backup@length=\skip60
\ar@cellbox=\box59
) (/Users/sahinya/Library/TinyTeX/texmf-dist/tex/latex/multirow/multirow.sty
Package: multirow 2021/03/15 v2.8 Span multiple rows of a table
\multirow@colwidth=\skip61
\multirow@cntb=\count295
\multirow@dima=\skip62
\bigstrutjot=\dimen183
) (/Users/sahinya/Library/TinyTeX/texmf-dist/tex/latex/wrapfig/wrapfig.sty
\wrapoverhang=\dimen184
\WF@size=\dimen185
\c@WF@wrappedlines=\count296
\WF@box=\box60
\WF@everypar=\toks28
Package: wrapfig 2003/01/31  v 3.6
) (/Users/sahinya/Library/TinyTeX/texmf-dist/tex/latex/float/float.sty
Package: float 2001/11/08 v1.3d Float enhancements (AL)
\c@float@type=\count297
\float@exts=\toks29
\float@box=\box61
\@float@everytoks=\toks30
\@floatcapt=\box62
) (/Users/sahinya/Library/TinyTeX/texmf-dist/tex/latex/colortbl/colortbl.sty
Package: colortbl 2020/01/04 v1.0e Color table columns (DPC)
\everycr=\toks31
\minrowclearance=\skip63
) (/Users/sahinya/Library/TinyTeX/texmf-dist/tex/latex/pdflscape/pdflscape.sty
Package: pdflscape 2019/12/05 v0.12 Display of landscape pages in PDF (HO)
(/Users/sahinya/Library/TinyTeX/texmf-dist/tex/latex/graphics/lscape.sty
Package: lscape 2020/05/28 v3.02 Landscape Pages (DPC)
)
Package pdflscape Info: Auto-detected driver: pdftex on input line 81.
) (/Users/sahinya/Library/TinyTeX/texmf-dist/tex/latex/tabu/tabu.sty
Package: tabu 2019/01/11 v2.9 - flexible LaTeX tabulars (FC+tabu-fixed)
(/Users/sahinya/Library/TinyTeX/texmf-dist/tex/latex/varwidth/varwidth.sty
Package: varwidth 2009/03/30 ver 0.92;  Variable-width minipages
\@vwid@box=\box63
\sift@deathcycles=\count298
\@vwid@loff=\dimen186
\@vwid@roff=\dimen187
)
\c@taburow=\count299
\tabu@nbcols=\count300
\tabu@cnt=\count301
\tabu@Xcol=\count302
\tabu@alloc=\count303
\tabu@nested=\count304
\tabu@target=\dimen188
\tabu@spreadtarget=\dimen189
\tabu@naturalX=\dimen190
\tabucolX=\dimen191
\tabu@Xsum=\dimen192
\extrarowdepth=\dimen193
\abovetabulinesep=\dimen194
\belowtabulinesep=\dimen195
\tabustrutrule=\dimen196
\tabu@thebody=\toks32
\tabu@footnotes=\toks33
\tabu@box=\box64
\tabu@arstrutbox=\box65
\tabu@hleads=\box66
\tabu@vleads=\box67
\tabu@cellskip=\skip64
)
(/Users/sahinya/Library/TinyTeX/texmf-dist/tex/latex/threeparttable/threepartta
ble.sty
Package: threeparttable 2003/06/13  v 3.0
\@tempboxb=\box68
)
(/Users/sahinya/Library/TinyTeX/texmf-dist/tex/latex/threeparttablex/threepartt
ablex.sty
Package: threeparttablex 2013/07/23 v0.3 by daleif
(/Users/sahinya/Library/TinyTeX/texmf-dist/tex/latex/environ/environ.sty
Package: environ 2014/05/04 v0.3 A new way to define environments
(/Users/sahinya/Library/TinyTeX/texmf-dist/tex/latex/trimspaces/trimspaces.sty
Package: trimspaces 2009/09/17 v1.1 Trim spaces around a token list
))
\TPTL@width=\skip65
) (/Users/sahinya/Library/TinyTeX/texmf-dist/tex/generic/ulem/ulem.sty
\UL@box=\box69
\UL@hyphenbox=\box70
\UL@skip=\skip66
\UL@hook=\toks34
\UL@height=\dimen197
\UL@pe=\count305
\UL@pixel=\dimen198
\ULC@box=\box71
Package: ulem 2019/11/18
\ULdepth=\dimen199
) (/Users/sahinya/Library/TinyTeX/texmf-dist/tex/latex/makecell/makecell.sty
Package: makecell 2009/08/03 V0.1e Managing of Tab Column Heads and Cells
\rotheadsize=\dimen256
\c@nlinenum=\count306
\TeXr@lab=\toks35
)
(/Users/sahinya/Library/TinyTeX/texmf-dist/tex/latex/l3backend/l3backend-pdftex
.def
File: l3backend-pdftex.def 2021-08-04 L3 backend support: PDF output (pdfTeX)
\l__color_backend_stack_int=\count307
\l__pdf_internal_box=\box72
)
No file A2.aux.
\openout1 = `A2.aux'.

LaTeX Font Info:    Checking defaults for OML/cmm/m/it on input line 125.
LaTeX Font Info:    ... okay on input line 125.
LaTeX Font Info:    Checking defaults for OMS/cmsy/m/n on input line 125.
LaTeX Font Info:    ... okay on input line 125.
LaTeX Font Info:    Checking defaults for OT1/cmr/m/n on input line 125.
LaTeX Font Info:    ... okay on input line 125.
LaTeX Font Info:    Checking defaults for T1/cmr/m/n on input line 125.
LaTeX Font Info:    ... okay on input line 125.
LaTeX Font Info:    Checking defaults for TS1/cmr/m/n on input line 125.
LaTeX Font Info:    ... okay on input line 125.
LaTeX Font Info:    Checking defaults for OMX/cmex/m/n on input line 125.
LaTeX Font Info:    ... okay on input line 125.
LaTeX Font Info:    Checking defaults for U/cmr/m/n on input line 125.
LaTeX Font Info:    ... okay on input line 125.
LaTeX Font Info:    Checking defaults for PD1/pdf/m/n on input line 125.
LaTeX Font Info:    ... okay on input line 125.
LaTeX Font Info:    Checking defaults for PU/pdf/m/n on input line 125.
LaTeX Font Info:    ... okay on input line 125.
LaTeX Info: Redefining \microtypecontext on input line 125.
Package microtype Info: Generating PDF output.
Package microtype Info: Character protrusion enabled (level 2).
Package microtype Info: Using protrusion set `basicmath'.
Package microtype Info: Automatic font expansion enabled (level 2),
(microtype)             stretch: 20, shrink: 20, step: 1, non-selected.
Package microtype Info: Using default expansion set `alltext-nott'.
LaTeX Info: Redefining \showhyphens on input line 125.
Package microtype Info: No adjustment of tracking.
Package microtype Info: No adjustment of interword spacing.
Package microtype Info: No adjustment of character kerning.
(/Users/sahinya/Library/TinyTeX/texmf-dist/tex/latex/microtype/mt-cmr.cfg
File: mt-cmr.cfg 2013/05/19 v2.2 microtype config. file: Computer Modern Roman 
(RS)
)
(/Users/sahinya/Library/TinyTeX/texmf-dist/tex/latex/epstopdf-pkg/epstopdf-base
.sty
Package: epstopdf-base 2020-01-24 v2.11 Base part for package epstopdf
Package epstopdf-base Info: Redefining graphics rule for `.eps' on input line 4
85.

(/Users/sahinya/Library/TinyTeX/texmf-dist/tex/latex/latexconfig/epstopdf-sys.c
fg
File: epstopdf-sys.cfg 2010/07/13 v1.3 Configuration of (r)epstopdf for TeX Liv
e
))
Package hyperref Info: Link coloring OFF on input line 125.
(/Users/sahinya/Library/TinyTeX/texmf-dist/tex/latex/hyperref/nameref.sty
Package: nameref 2021-04-02 v2.47 Cross-referencing by name of section
(/Users/sahinya/Library/TinyTeX/texmf-dist/tex/latex/refcount/refcount.sty
Package: refcount 2019/12/15 v3.6 Data extraction from label references (HO)
)
(/Users/sahinya/Library/TinyTeX/texmf-dist/tex/generic/gettitlestring/gettitles
tring.sty
Package: gettitlestring 2019/12/15 v1.6 Cleanup title references (HO)
)
\c@section@level=\count308
)
LaTeX Info: Redefining \ref on input line 125.
LaTeX Info: Redefining \pageref on input line 125.
LaTeX Info: Redefining \nameref on input line 125.
\@outlinefile=\write4
\openout4 = `A2.out'.

*geometry* driver: auto-detecting
*geometry* detected driver: pdftex
*geometry* verbose mode - [ preamble ] result:
* driver: pdftex
* paper: <default>
* layout: <same size as paper>
* layoutoffset:(h,v)=(0.0pt,0.0pt)
* modes: 
* h-part:(L,W,R)=(72.26999pt, 469.75502pt, 72.26999pt)
* v-part:(T,H,B)=(72.26999pt, 650.43001pt, 72.26999pt)
* \paperwidth=614.295pt
* \paperheight=794.96999pt
* \textwidth=469.75502pt
* \textheight=650.43001pt
* \oddsidemargin=0.0pt
* \evensidemargin=0.0pt
* \topmargin=-37.0pt
* \headheight=12.0pt
* \headsep=25.0pt
* \topskip=10.0pt
* \footskip=30.0pt
* \marginparwidth=65.0pt
* \marginparsep=11.0pt
* \columnsep=10.0pt
* \skip\footins=9.0pt plus 4.0pt minus 2.0pt
* \hoffset=0.0pt
* \voffset=0.0pt
* \mag=1000
* \@twocolumnfalse
* \@twosidefalse
* \@mparswitchfalse
* \@reversemarginfalse
* (1in=72.27pt=25.4mm, 1cm=28.453pt)

LaTeX Font Info:    Trying to load font information for OT1+lmr on input line 1
27.
(/Users/sahinya/Library/TinyTeX/texmf-dist/tex/latex/lm/ot1lmr.fd
File: ot1lmr.fd 2015/05/01 v1.6.1 Font defs for Latin Modern
)
LaTeX Font Info:    Trying to load font information for OML+lmm on input line 1
27.
(/Users/sahinya/Library/TinyTeX/texmf-dist/tex/latex/lm/omllmm.fd
File: omllmm.fd 2015/05/01 v1.6.1 Font defs for Latin Modern
)
LaTeX Font Info:    Trying to load font information for OMS+lmsy on input line 
127.
(/Users/sahinya/Library/TinyTeX/texmf-dist/tex/latex/lm/omslmsy.fd
File: omslmsy.fd 2015/05/01 v1.6.1 Font defs for Latin Modern
)
LaTeX Font Info:    Trying to load font information for OMX+lmex on input line 
127.
(/Users/sahinya/Library/TinyTeX/texmf-dist/tex/latex/lm/omxlmex.fd
File: omxlmex.fd 2015/05/01 v1.6.1 Font defs for Latin Modern
)
LaTeX Font Info:    External font `lmex10' loaded for size
(Font)              <12> on input line 127.
LaTeX Font Info:    External font `lmex10' loaded for size
(Font)              <8> on input line 127.
LaTeX Font Info:    External font `lmex10' loaded for size
(Font)              <6> on input line 127.
LaTeX Font Info:    Trying to load font information for U+msa on input line 127
.
(/Users/sahinya/Library/TinyTeX/texmf-dist/tex/latex/amsfonts/umsa.fd
File: umsa.fd 2013/01/14 v3.01 AMS symbols A
) (/Users/sahinya/Library/TinyTeX/texmf-dist/tex/latex/microtype/mt-msa.cfg
File: mt-msa.cfg 2006/02/04 v1.1 microtype config. file: AMS symbols (a) (RS)
)
LaTeX Font Info:    Trying to load font information for U+msb on input line 127
.
(/Users/sahinya/Library/TinyTeX/texmf-dist/tex/latex/amsfonts/umsb.fd
File: umsb.fd 2013/01/14 v3.01 AMS symbols B
) (/Users/sahinya/Library/TinyTeX/texmf-dist/tex/latex/microtype/mt-msb.cfg
File: mt-msb.cfg 2005/06/01 v1.0 microtype config. file: AMS symbols (b) (RS)
)
Overfull \hbox (82.84955pt too wide) in paragraph at lines 127--127
 [][] 
 []

[1

{/Users/sahinya/Library/TinyTeX/texmf-var/fonts/map/pdftex/updmap/pdftex.map}]
LaTeX Font Info:    Trying to load font information for T1+lmtt on input line 1
31.
(/Users/sahinya/Library/TinyTeX/texmf-dist/tex/latex/lm/t1lmtt.fd
File: t1lmtt.fd 2015/05/01 v1.6.1 Font defs for Latin Modern
)
LaTeX Font Info:    Trying to load font information for TS1+lmr on input line 1
81.
(/Users/sahinya/Library/TinyTeX/texmf-dist/tex/latex/lm/ts1lmr.fd
File: ts1lmr.fd 2015/05/01 v1.6.1 Font defs for Latin Modern
)
LaTeX Font Info:    External font `lmex10' loaded for size
(Font)              <10> on input line 199.
LaTeX Font Info:    External font `lmex10' loaded for size
(Font)              <7> on input line 199.
LaTeX Font Info:    External font `lmex10' loaded for size
(Font)              <5> on input line 199.
[2] [3]
<A2_files/figure-latex/variable-choice-1.pdf, id=39, 1445.4pt x 1084.05pt>
File: A2_files/figure-latex/variable-choice-1.pdf Graphic file (type pdf)
<use A2_files/figure-latex/variable-choice-1.pdf>
Package pdftex.def Info: A2_files/figure-latex/variable-choice-1.pdf  used on i
nput line 280.
(pdftex.def)             Requested size: 469.74944pt x 352.31207pt.
[4 <./A2_files/figure-latex/variable-choice-1.pdf>]
<A2_files/figure-latex/unnamed-chunk-3-1.pdf, id=49, 361.35pt x 361.35pt>
File: A2_files/figure-latex/unnamed-chunk-3-1.pdf Graphic file (type pdf)
<use A2_files/figure-latex/unnamed-chunk-3-1.pdf>
Package pdftex.def Info: A2_files/figure-latex/unnamed-chunk-3-1.pdf  used on i
nput line 325.
(pdftex.def)             Requested size: 361.34912pt x 361.34912pt.
[5 <./A2_files/figure-latex/unnamed-chunk-3-1.pdf>] [6]
<A2_files/figure-latex/unnamed-chunk-4-1.pdf, id=64, 578.16pt x 325.215pt>
File: A2_files/figure-latex/unnamed-chunk-4-1.pdf Graphic file (type pdf)
<use A2_files/figure-latex/unnamed-chunk-4-1.pdf>
Package pdftex.def Info: A2_files/figure-latex/unnamed-chunk-4-1.pdf  used on i
nput line 440.
(pdftex.def)             Requested size: 469.75385pt x 264.23653pt.
[7]
<A2_files/figure-latex/unnamed-chunk-5-1.pdf, id=72, 578.16pt x 325.215pt>
File: A2_files/figure-latex/unnamed-chunk-5-1.pdf Graphic file (type pdf)
<use A2_files/figure-latex/unnamed-chunk-5-1.pdf>
Package pdftex.def Info: A2_files/figure-latex/unnamed-chunk-5-1.pdf  used on i
nput line 458.
(pdftex.def)             Requested size: 469.75385pt x 264.23653pt.
[8 <./A2_files/figure-latex/unnamed-chunk-4-1.pdf>]
<A2_files/figure-latex/unnamed-chunk-6-1.pdf, id=82, 1445.4pt x 1084.05pt>
File: A2_files/figure-latex/unnamed-chunk-6-1.pdf Graphic file (type pdf)
<use A2_files/figure-latex/unnamed-chunk-6-1.pdf>
Package pdftex.def Info: A2_files/figure-latex/unnamed-chunk-6-1.pdf  used on i
nput line 479.
(pdftex.def)             Requested size: 469.74944pt x 352.31207pt.
[9 <./A2_files/figure-latex/unnamed-chunk-5-1.pdf>]
<A2_files/figure-latex/unnamed-chunk-7-1.pdf, id=92, 578.16pt x 325.215pt>
File: A2_files/figure-latex/unnamed-chunk-7-1.pdf Graphic file (type pdf)
<use A2_files/figure-latex/unnamed-chunk-7-1.pdf>
Package pdftex.def Info: A2_files/figure-latex/unnamed-chunk-7-1.pdf  used on i
nput line 497.
(pdftex.def)             Requested size: 469.75385pt x 264.23653pt.
[10 <./A2_files/figure-latex/unnamed-chunk-6-1.pdf>]
<A2_files/figure-latex/unnamed-chunk-8-1.pdf, id=102, 469.755pt x 325.215pt>
File: A2_files/figure-latex/unnamed-chunk-8-1.pdf Graphic file (type pdf)
<use A2_files/figure-latex/unnamed-chunk-8-1.pdf>
Package pdftex.def Info: A2_files/figure-latex/unnamed-chunk-8-1.pdf  used on i
nput line 519.
(pdftex.def)             Requested size: 469.75386pt x 325.2142pt.
[11 <./A2_files/figure-latex/unnamed-chunk-7-1.pdf>]
<A2_files/figure-latex/unnamed-chunk-9-1.pdf, id=112, 578.16pt x 325.215pt>
File: A2_files/figure-latex/unnamed-chunk-9-1.pdf Graphic file (type pdf)
<use A2_files/figure-latex/unnamed-chunk-9-1.pdf>
Package pdftex.def Info: A2_files/figure-latex/unnamed-chunk-9-1.pdf  used on i
nput line 541.
(pdftex.def)             Requested size: 469.75385pt x 264.23653pt.
[12 <./A2_files/figure-latex/unnamed-chunk-8-1.pdf>] [13pdfTeX warning (ext4): 
destination with the same identifier (name{table.1}) has been already used, dup
licate ignored
<argument> ...shipout:D \box_use:N \l_shipout_box 
                                                  \__shipout_drop_firstpage_...
l.592 
       <./A2_files/figure-latex/unnamed-chunk-9-1.pdf>]
<A2_files/figure-latex/unnamed-chunk-11-1.pdf, id=135, 469.755pt x 325.215pt>
File: A2_files/figure-latex/unnamed-chunk-11-1.pdf Graphic file (type pdf)
<use A2_files/figure-latex/unnamed-chunk-11-1.pdf>
Package pdftex.def Info: A2_files/figure-latex/unnamed-chunk-11-1.pdf  used on 
input line 621.
(pdftex.def)             Requested size: 469.75386pt x 325.2142pt.
[14 <./A2_files/figure-latex/unnamed-chunk-11-1.pdf>]
<A2_files/figure-latex/unnamed-chunk-12-1.pdf, id=147, 469.755pt x 325.215pt>
File: A2_files/figure-latex/unnamed-chunk-12-1.pdf Graphic file (type pdf)
<use A2_files/figure-latex/unnamed-chunk-12-1.pdf>
Package pdftex.def Info: A2_files/figure-latex/unnamed-chunk-12-1.pdf  used on 
input line 645.
(pdftex.def)             Requested size: 469.75386pt x 325.2142pt.
[15 <./A2_files/figure-latex/unnamed-chunk-12-1.pdf>]
<A2_files/figure-latex/unnamed-chunk-13-1.pdf, id=158, 469.755pt x 325.215pt>
File: A2_files/figure-latex/unnamed-chunk-13-1.pdf Graphic file (type pdf)
<use A2_files/figure-latex/unnamed-chunk-13-1.pdf>
Package pdftex.def Info: A2_files/figure-latex/unnamed-chunk-13-1.pdf  used on 
input line 669.
(pdftex.def)             Requested size: 469.75386pt x 325.2142pt.
[16 <./A2_files/figure-latex/unnamed-chunk-13-1.pdf>]
<A2_files/figure-latex/unnamed-chunk-14-1.pdf, id=172, 469.755pt x 325.215pt>
File: A2_files/figure-latex/unnamed-chunk-14-1.pdf Graphic file (type pdf)
<use A2_files/figure-latex/unnamed-chunk-14-1.pdf>
Package pdftex.def Info: A2_files/figure-latex/unnamed-chunk-14-1.pdf  used on 
input line 703.
(pdftex.def)             Requested size: 469.75386pt x 325.2142pt.
<A2_files/figure-latex/unnamed-chunk-14-2.pdf, id=173, 469.755pt x 325.215pt>
File: A2_files/figure-latex/unnamed-chunk-14-2.pdf Graphic file (type pdf)
<use A2_files/figure-latex/unnamed-chunk-14-2.pdf>
Package pdftex.def Info: A2_files/figure-latex/unnamed-chunk-14-2.pdf  used on 
input line 718.
(pdftex.def)             Requested size: 469.75386pt x 325.2142pt.
[17 <./A2_files/figure-latex/unnamed-chunk-14-1.pdf>]
<A2_files/figure-latex/unnamed-chunk-14-3.pdf, id=183, 469.755pt x 325.215pt>
File: A2_files/figure-latex/unnamed-chunk-14-3.pdf Graphic file (type pdf)
<use A2_files/figure-latex/unnamed-chunk-14-3.pdf>
Package pdftex.def Info: A2_files/figure-latex/unnamed-chunk-14-3.pdf  used on 
input line 733.
(pdftex.def)             Requested size: 469.75386pt x 325.2142pt.
[18 <./A2_files/figure-latex/unnamed-chunk-14-2.pdf>] [19 <./A2_files/figure-la
tex/unnamed-chunk-14-3.pdf>]
<A2_files/figure-latex/unnamed-chunk-17-1.pdf, id=205, 469.755pt x 325.215pt>
File: A2_files/figure-latex/unnamed-chunk-17-1.pdf Graphic file (type pdf)
<use A2_files/figure-latex/unnamed-chunk-17-1.pdf>
Package pdftex.def Info: A2_files/figure-latex/unnamed-chunk-17-1.pdf  used on 
input line 830.
(pdftex.def)             Requested size: 469.75386pt x 325.2142pt.
[20]
<A2_files/figure-latex/unnamed-chunk-17-2.pdf, id=212, 469.755pt x 325.215pt>
File: A2_files/figure-latex/unnamed-chunk-17-2.pdf Graphic file (type pdf)
<use A2_files/figure-latex/unnamed-chunk-17-2.pdf>
Package pdftex.def Info: A2_files/figure-latex/unnamed-chunk-17-2.pdf  used on 
input line 844.
(pdftex.def)             Requested size: 469.75386pt x 325.2142pt.
[21 <./A2_files/figure-latex/unnamed-chunk-17-1.pdf>]
<A2_files/figure-latex/unnamed-chunk-18-1.pdf, id=222, 469.755pt x 325.215pt>
File: A2_files/figure-latex/unnamed-chunk-18-1.pdf Graphic file (type pdf)
<use A2_files/figure-latex/unnamed-chunk-18-1.pdf>
Package pdftex.def Info: A2_files/figure-latex/unnamed-chunk-18-1.pdf  used on 
input line 863.
(pdftex.def)             Requested size: 469.75386pt x 325.2142pt.
[22 <./A2_files/figure-latex/unnamed-chunk-17-2.pdf>]
<A2_files/figure-latex/unnamed-chunk-18-2.pdf, id=232, 469.755pt x 325.215pt>
File: A2_files/figure-latex/unnamed-chunk-18-2.pdf Graphic file (type pdf)
<use A2_files/figure-latex/unnamed-chunk-18-2.pdf>
Package pdftex.def Info: A2_files/figure-latex/unnamed-chunk-18-2.pdf  used on 
input line 878.
(pdftex.def)             Requested size: 469.75386pt x 325.2142pt.
[23 <./A2_files/figure-latex/unnamed-chunk-18-1.pdf>]
<A2_files/figure-latex/unnamed-chunk-19-1.pdf, id=242, 469.755pt x 325.215pt>
File: A2_files/figure-latex/unnamed-chunk-19-1.pdf Graphic file (type pdf)
<use A2_files/figure-latex/unnamed-chunk-19-1.pdf>
Package pdftex.def Info: A2_files/figure-latex/unnamed-chunk-19-1.pdf  used on 
input line 901.
(pdftex.def)             Requested size: 469.75386pt x 325.2142pt.
[24 <./A2_files/figure-latex/unnamed-chunk-18-2.pdf>]
<A2_files/figure-latex/unnamed-chunk-19-2.pdf, id=252, 469.755pt x 325.215pt>
File: A2_files/figure-latex/unnamed-chunk-19-2.pdf Graphic file (type pdf)
<use A2_files/figure-latex/unnamed-chunk-19-2.pdf>
Package pdftex.def Info: A2_files/figure-latex/unnamed-chunk-19-2.pdf  used on 
input line 917.
(pdftex.def)             Requested size: 469.75386pt x 325.2142pt.
[25 <./A2_files/figure-latex/unnamed-chunk-19-1.pdf>] [26 <./A2_files/figure-la
tex/unnamed-chunk-19-2.pdf>]
<A2_files/figure-latex/unnamed-chunk-21-1.pdf, id=275, 469.755pt x 325.215pt>
File: A2_files/figure-latex/unnamed-chunk-21-1.pdf Graphic file (type pdf)
<use A2_files/figure-latex/unnamed-chunk-21-1.pdf>
Package pdftex.def Info: A2_files/figure-latex/unnamed-chunk-21-1.pdf  used on 
input line 984.
(pdftex.def)             Requested size: 469.75386pt x 325.2142pt.
[27 <./A2_files/figure-latex/unnamed-chunk-21-1.pdf>]
<A2_files/figure-latex/unnamed-chunk-21-2.pdf, id=286, 469.755pt x 325.215pt>
File: A2_files/figure-latex/unnamed-chunk-21-2.pdf Graphic file (type pdf)
<use A2_files/figure-latex/unnamed-chunk-21-2.pdf>
Package pdftex.def Info: A2_files/figure-latex/unnamed-chunk-21-2.pdf  used on 
input line 1001.
(pdftex.def)             Requested size: 469.75386pt x 325.2142pt.
<A2_files/figure-latex/unnamed-chunk-21-3.pdf, id=287, 469.755pt x 325.215pt>
File: A2_files/figure-latex/unnamed-chunk-21-3.pdf Graphic file (type pdf)
<use A2_files/figure-latex/unnamed-chunk-21-3.pdf>
Package pdftex.def Info: A2_files/figure-latex/unnamed-chunk-21-3.pdf  used on 
input line 1019.
(pdftex.def)             Requested size: 469.75386pt x 325.2142pt.
[28 <./A2_files/figure-latex/unnamed-chunk-21-2.pdf>] [29 <./A2_files/figure-la
tex/unnamed-chunk-21-3.pdf>]
LaTeX Font Info:    Font shape `T1/lmtt/bx/n' in size <10> not available
(Font)              Font shape `T1/lmtt/b/n' tried instead on input line 1074.
[30]
Underfull \vbox (badness 10000) detected at line 1188
 []


Underfull \vbox (badness 10000) detected at line 1188
 []

[31]

! LaTeX Error: Not in outer par mode.

See the LaTeX manual or LaTeX Companion for explanation.
Type  H <return>  for immediate help.
 ...                                              
                                                  
l.1267 
        
Here is how much of TeX's memory you used:
 14007 strings out of 480502
 218577 string characters out of 5898668
 585335 words of memory out of 5000000
 31227 multiletter control sequences out of 15000+600000
 454570 words of font info for 122 fonts, out of 8000000 for 9000
 14 hyphenation exceptions out of 8191
 60i,9n,66p,505b,477s stack positions out of 5000i,500n,10000p,200000b,80000s

!  ==> Fatal error occurred, no output PDF file produced!
